<?xml version="1.0" encoding="UTF-8"?>
<!-- Generated by org.testng.reporters.JUnitXMLReporter -->
<testsuite ignored="0" hostname="LAPTOP-OIJT0FDM" failures="0" tests="4" name="Default test" time="41.826" errors="0" timestamp="2023-09-17T12:54:31 IST">
  <testcase classname="com.Test.EventPageTest" name="@BeforeMethod SetUp" time="41.646">
    <failure type="org.openqa.selenium.ElementNotInteractableException" message="element not interactable
  (Session info: MicrosoftEdge=116.0.1938.81)
Build info: version: &amp;apos;4.12.1&amp;apos;, revision: &amp;apos;8e34639b11&amp;apos;
System info: os.name: &amp;apos;Windows 11&amp;apos;, os.arch: &amp;apos;amd64&amp;apos;, os.version: &amp;apos;10.0&amp;apos;, java.version: &amp;apos;20.0.2&amp;apos;
Driver info: org.openqa.selenium.edge.EdgeDriver
Command: [97510abfffb821ecb71a3567683662e9, clickElement {id=5F41E53D7268D66C789B18CEE3212D42_element_158}]
Capabilities {acceptInsecureCerts: false, browserName: msedge, browserVersion: 116.0.1938.81, fedcm:accounts: true, ms:edgeOptions: {debuggerAddress: localhost:51613}, msedge: {msedgedriverVersion: 116.0.1938.81 (bc0eb28b55bd..., userDataDir: C:\Users\bikash\AppData\Loc...}, networkConnectionEnabled: false, pageLoadStrategy: normal, platformName: windows, proxy: Proxy(), se:cdp: ws://localhost:51613/devtoo..., se:cdpVersion: 116.0.1938.81, setWindowRect: true, strictFileInteractability: false, timeouts: {implicit: 0, pageLoad: 300000, script: 30000}, unhandledPromptBehavior: dismiss and notify, webauthn:extension:credBlob: true, webauthn:extension:largeBlob: true, webauthn:extension:minPinLength: true, webauthn:extension:prf: true, webauthn:virtualAuthenticators: true}
Element: [[EdgeDriver: msedge on windows (97510abfffb821ecb71a3567683662e9)] -&amp;gt; id: btnSupportLogin]
Session ID: 97510abfffb821ecb71a3567683662e9">
      <![CDATA[org.openqa.selenium.ElementNotInteractableException: element not interactable
  (Session info: MicrosoftEdge=116.0.1938.81)
Build info: version: '4.12.1', revision: '8e34639b11'
System info: os.name: 'Windows 11', os.arch: 'amd64', os.version: '10.0', java.version: '20.0.2'
Driver info: org.openqa.selenium.edge.EdgeDriver
Command: [97510abfffb821ecb71a3567683662e9, clickElement {id=5F41E53D7268D66C789B18CEE3212D42_element_158}]
Capabilities {acceptInsecureCerts: false, browserName: msedge, browserVersion: 116.0.1938.81, fedcm:accounts: true, ms:edgeOptions: {debuggerAddress: localhost:51613}, msedge: {msedgedriverVersion: 116.0.1938.81 (bc0eb28b55bd..., userDataDir: C:\Users\bikash\AppData\Loc...}, networkConnectionEnabled: false, pageLoadStrategy: normal, platformName: windows, proxy: Proxy(), se:cdp: ws://localhost:51613/devtoo..., se:cdpVersion: 116.0.1938.81, setWindowRect: true, strictFileInteractability: false, timeouts: {implicit: 0, pageLoad: 300000, script: 30000}, unhandledPromptBehavior: dismiss and notify, webauthn:extension:credBlob: true, webauthn:extension:largeBlob: true, webauthn:extension:minPinLength: true, webauthn:extension:prf: true, webauthn:virtualAuthenticators: true}
Element: [[EdgeDriver: msedge on windows (97510abfffb821ecb71a3567683662e9)] -> id: btnSupportLogin]
Session ID: 97510abfffb821ecb71a3567683662e9
at java.base/jdk.internal.reflect.DirectConstructorHandleAccessor.newInstance(DirectConstructorHandleAccessor.java:67)
at java.base/java.lang.reflect.Constructor.newInstanceWithCaller(Constructor.java:500)
at java.base/java.lang.reflect.Constructor.newInstance(Constructor.java:484)
at org.openqa.selenium.remote.codec.w3c.W3CHttpResponseCodec.createException(W3CHttpResponseCodec.java:200)
at org.openqa.selenium.remote.codec.w3c.W3CHttpResponseCodec.decode(W3CHttpResponseCodec.java:133)
at org.openqa.selenium.remote.codec.w3c.W3CHttpResponseCodec.decode(W3CHttpResponseCodec.java:52)
at org.openqa.selenium.remote.HttpCommandExecutor.execute(HttpCommandExecutor.java:191)
at org.openqa.selenium.remote.service.DriverCommandExecutor.invokeExecute(DriverCommandExecutor.java:196)
at org.openqa.selenium.remote.service.DriverCommandExecutor.execute(DriverCommandExecutor.java:171)
at org.openqa.selenium.remote.RemoteWebDriver.execute(RemoteWebDriver.java:602)
at org.openqa.selenium.remote.RemoteWebElement.execute(RemoteWebElement.java:224)
at org.openqa.selenium.remote.RemoteWebElement.click(RemoteWebElement.java:77)
at com.Test.EventPageTest.SetUp(EventPageTest.java:54)
at java.base/jdk.internal.reflect.DirectMethodHandleAccessor.invoke(DirectMethodHandleAccessor.java:104)
at java.base/java.lang.reflect.Method.invoke(Method.java:578)
at org.testng.internal.invokers.MethodInvocationHelper.invokeMethod(MethodInvocationHelper.java:139)
at org.testng.internal.invokers.MethodInvocationHelper.invokeMethodConsideringTimeout(MethodInvocationHelper.java:69)
at org.testng.internal.invokers.ConfigInvoker.invokeConfigurationMethod(ConfigInvoker.java:390)
at org.testng.internal.invokers.ConfigInvoker.invokeConfigurations(ConfigInvoker.java:325)
at org.testng.internal.invokers.TestInvoker.runConfigMethods(TestInvoker.java:810)
at org.testng.internal.invokers.TestInvoker.invokeMethod(TestInvoker.java:577)
at org.testng.internal.invokers.TestInvoker.invokeTestMethod(TestInvoker.java:227)
at org.testng.internal.invokers.MethodRunner.runInSequence(MethodRunner.java:50)
at org.testng.internal.invokers.TestInvoker$MethodInvocationAgent.invoke(TestInvoker.java:957)
at org.testng.internal.invokers.TestInvoker.invokeTestMethods(TestInvoker.java:200)
at org.testng.internal.invokers.TestMethodWorker.invokeTestMethods(TestMethodWorker.java:148)
at org.testng.internal.invokers.TestMethodWorker.run(TestMethodWorker.java:128)
at java.base/java.util.ArrayList.forEach(ArrayList.java:1511)
at org.testng.TestRunner.privateRun(TestRunner.java:848)
at org.testng.TestRunner.run(TestRunner.java:621)
at org.testng.SuiteRunner.runTest(SuiteRunner.java:443)
at org.testng.SuiteRunner.runSequentially(SuiteRunner.java:437)
at org.testng.SuiteRunner.privateRun(SuiteRunner.java:397)
at org.testng.SuiteRunner.run(SuiteRunner.java:336)
at org.testng.SuiteRunnerWorker.runSuite(SuiteRunnerWorker.java:52)
at org.testng.SuiteRunnerWorker.run(SuiteRunnerWorker.java:95)
at org.testng.TestNG.runSuitesSequentially(TestNG.java:1280)
at org.testng.TestNG.runSuitesLocally(TestNG.java:1200)
at org.testng.TestNG.runSuites(TestNG.java:1114)
at org.testng.TestNG.run(TestNG.java:1082)
at org.testng.remote.AbstractRemoteTestNG.run(AbstractRemoteTestNG.java:115)
at org.testng.remote.RemoteTestNG.initAndRun(RemoteTestNG.java:251)
at org.testng.remote.RemoteTestNG.main(RemoteTestNG.java:77)
]]>
    </failure>
  </testcase> <!-- @BeforeMethod SetUp -->
  <testcase classname="com.Test.EventPageTest" name="@BeforeMethod setupExtentReports" time="0.0">
    <skipped/>
  </testcase> <!-- @BeforeMethod setupExtentReports -->
  <testcase classname="com.Test.EventPageTest" name="@AfterMethod TearDown" time="0.0">
    <skipped/>
  </testcase> <!-- @AfterMethod TearDown -->
  <testcase classname="com.Test.EventPageTest" name="@AfterMethod tearDown" time="0.0">
    <skipped/>
  </testcase> <!-- @AfterMethod tearDown -->
  <testcase classname="com.Test.EventPageTest" name="@BeforeMethod SetUp" time="0.0">
    <skipped/>
  </testcase> <!-- @BeforeMethod SetUp -->
  <testcase classname="com.Test.EventPageTest" name="@BeforeMethod setupExtentReports" time="0.0">
    <skipped/>
  </testcase> <!-- @BeforeMethod setupExtentReports -->
  <testcase classname="com.Test.EventPageTest" name="@AfterMethod TearDown" time="0.0">
    <skipped/>
  </testcase> <!-- @AfterMethod TearDown -->
  <testcase classname="com.Test.EventPageTest" name="@AfterMethod tearDown" time="0.0">
    <skipped/>
  </testcase> <!-- @AfterMethod tearDown -->
  <testcase classname="com.Test.EventPageTest" name="@BeforeMethod SetUp" time="0.0">
    <skipped/>
  </testcase> <!-- @BeforeMethod SetUp -->
  <testcase classname="com.Test.EventPageTest" name="@BeforeMethod setupExtentReports" time="0.0">
    <skipped/>
  </testcase> <!-- @BeforeMethod setupExtentReports -->
  <testcase classname="com.Test.EventPageTest" name="@AfterMethod TearDown" time="0.0">
    <skipped/>
  </testcase> <!-- @AfterMethod TearDown -->
  <testcase classname="com.Test.EventPageTest" name="@AfterMethod tearDown" time="0.0">
    <skipped/>
  </testcase> <!-- @AfterMethod tearDown -->
  <testcase classname="com.Test.EventPageTest" name="@BeforeMethod SetUp" time="0.0">
    <skipped/>
  </testcase> <!-- @BeforeMethod SetUp -->
  <testcase classname="com.Test.EventPageTest" name="@BeforeMethod setupExtentReports" time="0.0">
    <skipped/>
  </testcase> <!-- @BeforeMethod setupExtentReports -->
  <testcase classname="com.Test.EventPageTest" name="@AfterMethod TearDown" time="0.0">
    <skipped/>
  </testcase> <!-- @AfterMethod TearDown -->
  <testcase classname="com.Test.EventPageTest" name="@AfterMethod tearDown" time="0.0">
    <skipped/>
  </testcase> <!-- @AfterMethod tearDown -->
  <testcase classname="com.Test.EventPageTest" name="DownloadFile" time="0.0">
    <skipped/>
  </testcase> <!-- DownloadFile -->
  <testcase classname="com.Test.EventPageTest" name="TestVideoPlayback" time="0.0">
    <skipped/>
  </testcase> <!-- TestVideoPlayback -->
  <testcase classname="com.Test.EventPageTest" name="TextInfoVerification" time="0.0">
    <skipped/>
  </testcase> <!-- TextInfoVerification -->
  <testcase classname="com.Test.EventPageTest" name="validateClocker" time="0.003">
    <skipped/>
  </testcase> <!-- validateClocker -->
</testsuite> <!-- Default test -->
